<?xml version="1.0" encoding="UTF-8"?>
<!-- Generated by org.testng.reporters.JUnitReportReporter -->
<testsuite hostname="MacAir" failures="0" tests="2" name="testng.TestNGDemo" time="0.003" errors="0" timestamp="2025-06-21T20:30:24 CDT" skipped="0">
  <testcase classname="testng.TestNGDemo" name="test1" time="0.003"/>
  <testcase classname="testng.TestNGDemo" name="test2" time="0.000"/>
</testsuite> <!-- testng.TestNGDemo -->
