<?xml version="1.0" encoding="UTF-8"?>
<!-- Generated by org.testng.reporters.JUnitReportReporter -->
<testsuite hostname="MacAir" failures="0" tests="3" name="testng.TestNGDemo2" time="0.005" errors="0" timestamp="2025-06-22T17:46:40 CDT" skipped="0">
  <testcase classname="testng.TestNGDemo2" name="loginToApp" time="0.003"/>
  <testcase classname="testng.TestNGDemo2" name="makingPayment" time="0.001"/>
  <testcase classname="testng.TestNGDemo2" name="logoutFromApp" time="0.001"/>
</testsuite> <!-- testng.TestNGDemo2 -->
